  Azure Sphere Utility version 19.5.4.53731
  Copyright (C) Microsoft Corporation. All rights reserved.
   
  Start time (UTC): Wednesday, 24 July 2019 02:36:32 
  verbose: Creating image package. 
  verbose: Azure Sphere application image package written. 
  verbose: Appending metadata. 
  verbose: Wrote metadata:
    Section: Identity
      Image Type:           Application
      Component ID:         4c07c886-86a2-49b9-adcc-5dc517655557
      Image ID:             217535a6-b14a-4924-a5d2-22eb0359625d
    Section: Signature
      Signing Type:         ECDsa256
      Cert:                 a8d5cc6958f48710140d7a26160fc1cfc31f5df0
    Section: Debug
      Image Name:           Azure_Sphere_Human_Touch_Sensor
      Built On (UTC):       7/24/2019 2:36:33 AM
      Built On (Local):     7/23/2019 7:36:33 PM
    Section: Temporary Image
      Remove image at boot: False
      Under development:    True
    Section: ABI Depends
      Depends on:           ApplicationRuntime, version 2
   
  verbose: Packaging completed successfully. 
  verbose: Output file is at: C:\PKVSProjects\Seeed\Azure Sphere\Azure Sphere Human Touch Sensor\Azure Sphere Human Touch Sensor\Azure Sphere Human Touch Sensor\bin\ARM\Debug\Azure Sphere Human Touch Sensor.imagepackage 
  Command completed successfully in 00:00:00.9385865. 
